<?xml version="1.0" encoding="UTF-8"?>
<testsuite name="AppSpec" tests="2" skipped="0" failures="1" errors="0" timestamp="2017-05-03T20:36:22" hostname="adils-mbp.lan" time="0.13">
  <properties/>
  <testcase name="getGreeting" classname="AppSpec" time="0.067"/>
  <testcase name="getGreetingFail" classname="AppSpec" time="0.063">
    <failure message="Condition not satisfied:&#10;&#10;new App().getGreeting() == 'Hiii'&#10;|         |             |&#10;|         Hi            false&#10;App@8f7ed1b             2 differences (50% similarity)&#10;                        Hi(--)&#10;                        Hi(ii)&#10;" type="org.spockframework.runtime.SpockComparisonFailure">Condition not satisfied:

new App().getGreeting() == 'Hiii'
|         |             |
|         Hi            false
App@8f7ed1b             2 differences (50% similarity)
                        Hi(--)
                        Hi(ii)

	at AppSpec.getGreetingFail(AppTest.groovy:13)
</failure>
  </testcase>
  <system-out><![CDATA[]]></system-out>
  <system-err><![CDATA[]]></system-err>
</testsuite>
